{"C:\\CN-33\\src\\index.js": {"path":"C:\\CN-33\\src\\index.js","statementMap":{"0":{"start":{"line":6,"column":0},"end":{"line":6,"column":27}},"1":{"start":{"line":11,"column":0},"end":{"line":15,"column":3}},"2":{"start":{"line":17,"column":19},"end":{"line":17,"column":38}},"3":{"start":{"line":19,"column":0},"end":{"line":19,"column":73}},"4":{"start":{"line":20,"column":0},"end":{"line":20,"column":57}},"5":{"start":{"line":20,"column":28},"end":{"line":20,"column":55}},"6":{"start":{"line":22,"column":15},"end":{"line":29,"column":2}},"7":{"start":{"line":28,"column":28},"end":{"line":28,"column":43}},"8":{"start":{"line":31,"column":0},"end":{"line":33,"column":3}},"9":{"start":{"line":32,"column":3},"end":{"line":32,"column":45}}},"fnMap":{"0":{"name":"(anonymous_0)","decl":{"start":{"line":20,"column":22},"end":{"line":20,"column":23}},"loc":{"start":{"line":20,"column":28},"end":{"line":20,"column":55}},"line":20},"1":{"name":"(anonymous_1)","decl":{"start":{"line":28,"column":11},"end":{"line":28,"column":12}},"loc":{"start":{"line":28,"column":28},"end":{"line":28,"column":43}},"line":28},"2":{"name":"(anonymous_2)","decl":{"start":{"line":31,"column":55},"end":{"line":31,"column":56}},"loc":{"start":{"line":31,"column":68},"end":{"line":33,"column":1}},"line":31}},"branchMap":{"0":{"loc":{"start":{"line":31,"column":22},"end":{"line":31,"column":46}},"type":"binary-expr","locations":[{"start":{"line":31,"column":22},"end":{"line":31,"column":38}},{"start":{"line":31,"column":42},"end":{"line":31,"column":46}}],"line":31}},"s":{"0":1,"1":1,"2":1,"3":1,"4":1,"5":1,"6":1,"7":2,"8":1,"9":1},"f":{"0":1,"1":2,"2":1},"b":{"0":[1,0]},"_coverageSchema":"43e27e138ebf9cfc5966b082cf9a028302ed4184","hash":"e372ff0b29de0815c7f49e86f13e128efbbf04f8"}
,"C:\\CN-33\\src\\actions\\authActions.js": {"path":"C:\\CN-33\\src\\actions\\authActions.js","statementMap":{"0":{"start":{"line":2,"column":12},"end":{"line":2,"column":35}},"1":{"start":{"line":5,"column":56},"end":{"line":5,"column":88}},"2":{"start":{"line":9,"column":51},"end":{"line":9,"column":56}},"3":{"start":{"line":10,"column":8},"end":{"line":17,"column":10}},"4":{"start":{"line":11,"column":24},"end":{"line":11,"column":31}},"5":{"start":{"line":12,"column":12},"end":{"line":16,"column":13}},"6":{"start":{"line":13,"column":16},"end":{"line":13,"column":55}},"7":{"start":{"line":15,"column":16},"end":{"line":15,"column":75}},"8":{"start":{"line":21,"column":19},"end":{"line":37,"column":1}},"9":{"start":{"line":22,"column":4},"end":{"line":36,"column":5}},"10":{"start":{"line":23,"column":22},"end":{"line":23,"column":47}},"11":{"start":{"line":24,"column":8},"end":{"line":24,"column":58}},"12":{"start":{"line":24,"column":47},"end":{"line":24,"column":58}},"13":{"start":{"line":25,"column":8},"end":{"line":33,"column":11}},"14":{"start":{"line":26,"column":12},"end":{"line":26,"column":32}},"15":{"start":{"line":26,"column":21},"end":{"line":26,"column":32}},"16":{"start":{"line":27,"column":12},"end":{"line":32,"column":13}},"17":{"start":{"line":28,"column":29},"end":{"line":28,"column":64}},"18":{"start":{"line":29,"column":16},"end":{"line":29,"column":40}},"19":{"start":{"line":31,"column":16},"end":{"line":31,"column":27}},"20":{"start":{"line":35,"column":8},"end":{"line":35,"column":19}},"21":{"start":{"line":39,"column":0},"end":{"line":42,"column":1}}},"fnMap":{"0":{"name":"(anonymous_0)","decl":{"start":{"line":8,"column":4},"end":{"line":8,"column":5}},"loc":{"start":{"line":8,"column":32},"end":{"line":18,"column":5}},"line":8},"1":{"name":"(anonymous_1)","decl":{"start":{"line":10,"column":24},"end":{"line":10,"column":25}},"loc":{"start":{"line":10,"column":49},"end":{"line":17,"column":9}},"line":10},"2":{"name":"(anonymous_2)","decl":{"start":{"line":21,"column":19},"end":{"line":21,"column":20}},"loc":{"start":{"line":21,"column":28},"end":{"line":37,"column":1}},"line":21},"3":{"name":"(anonymous_3)","decl":{"start":{"line":25,"column":53},"end":{"line":25,"column":54}},"loc":{"start":{"line":25,"column":82},"end":{"line":33,"column":9}},"line":25}},"branchMap":{"0":{"loc":{"start":{"line":9,"column":16},"end":{"line":9,"column":46}},"type":"default-arg","locations":[{"start":{"line":9,"column":26},"end":{"line":9,"column":46}}],"line":9},"1":{"loc":{"start":{"line":12,"column":12},"end":{"line":16,"column":13}},"type":"if","locations":[{"start":{"line":12,"column":12},"end":{"line":16,"column":13}},{"start":{"line":12,"column":12},"end":{"line":16,"column":13}}],"line":12},"2":{"loc":{"start":{"line":24,"column":8},"end":{"line":24,"column":58}},"type":"if","locations":[{"start":{"line":24,"column":8},"end":{"line":24,"column":58}},{"start":{"line":24,"column":8},"end":{"line":24,"column":58}}],"line":24},"3":{"loc":{"start":{"line":26,"column":12},"end":{"line":26,"column":32}},"type":"if","locations":[{"start":{"line":26,"column":12},"end":{"line":26,"column":32}},{"start":{"line":26,"column":12},"end":{"line":26,"column":32}}],"line":26}},"s":{"0":1,"1":1,"2":3,"3":3,"4":1,"5":1,"6":1,"7":0,"8":1,"9":2,"10":2,"11":2,"12":1,"13":1,"14":1,"15":0,"16":1,"17":1,"18":1,"19":0,"20":0,"21":1},"f":{"0":3,"1":1,"2":2,"3":1},"b":{"0":[0],"1":[1,0],"2":[1,1],"3":[0,1]},"_coverageSchema":"43e27e138ebf9cfc5966b082cf9a028302ed4184","hash":"880a11f56221ffa0e7d74d21c6e7b410d0d5b95d"}
,"C:\\CN-33\\src\\actions\\deliverierActions.js": {"path":"C:\\CN-33\\src\\actions\\deliverierActions.js","statementMap":{"0":{"start":{"line":7,"column":0},"end":{"line":11,"column":1}},"1":{"start":{"line":8,"column":17},"end":{"line":8,"column":41}},"2":{"start":{"line":9,"column":4},"end":{"line":9,"column":40}},"3":{"start":{"line":10,"column":4},"end":{"line":10,"column":16}},"4":{"start":{"line":13,"column":20},"end":{"line":23,"column":1}},"5":{"start":{"line":14,"column":16},"end":{"line":14,"column":47}},"6":{"start":{"line":15,"column":20},"end":{"line":20,"column":5}},"7":{"start":{"line":21,"column":18},"end":{"line":21,"column":55}},"8":{"start":{"line":22,"column":4},"end":{"line":22,"column":20}},"9":{"start":{"line":27,"column":32},"end":{"line":35,"column":1}},"10":{"start":{"line":28,"column":4},"end":{"line":34,"column":5}},"11":{"start":{"line":29,"column":30},"end":{"line":29,"column":70}},"12":{"start":{"line":30,"column":22},"end":{"line":30,"column":48}},"13":{"start":{"line":31,"column":8},"end":{"line":31,"column":21}},"14":{"start":{"line":33,"column":8},"end":{"line":33,"column":19}},"15":{"start":{"line":37,"column":30},"end":{"line":43,"column":1}},"16":{"start":{"line":38,"column":4},"end":{"line":42,"column":5}},"17":{"start":{"line":39,"column":8},"end":{"line":39,"column":44}},"18":{"start":{"line":41,"column":8},"end":{"line":41,"column":19}},"19":{"start":{"line":47,"column":34},"end":{"line":63,"column":1}},"20":{"start":{"line":48,"column":4},"end":{"line":62,"column":5}},"21":{"start":{"line":49,"column":27},"end":{"line":49,"column":74}},"22":{"start":{"line":50,"column":8},"end":{"line":59,"column":9}},"23":{"start":{"line":51,"column":30},"end":{"line":51,"column":81}},"24":{"start":{"line":52,"column":12},"end":{"line":58,"column":13}},"25":{"start":{"line":53,"column":28},"end":{"line":53,"column":51}},"26":{"start":{"line":54,"column":16},"end":{"line":54,"column":29}},"27":{"start":{"line":56,"column":28},"end":{"line":56,"column":32}},"28":{"start":{"line":57,"column":16},"end":{"line":57,"column":29}},"29":{"start":{"line":61,"column":8},"end":{"line":61,"column":24}}},"fnMap":{"0":{"name":"(anonymous_0)","decl":{"start":{"line":7,"column":25},"end":{"line":7,"column":26}},"loc":{"start":{"line":7,"column":41},"end":{"line":11,"column":1}},"line":7},"1":{"name":"(anonymous_1)","decl":{"start":{"line":13,"column":20},"end":{"line":13,"column":21}},"loc":{"start":{"line":13,"column":36},"end":{"line":23,"column":1}},"line":13},"2":{"name":"(anonymous_2)","decl":{"start":{"line":27,"column":32},"end":{"line":27,"column":33}},"loc":{"start":{"line":27,"column":54},"end":{"line":35,"column":1}},"line":27},"3":{"name":"(anonymous_3)","decl":{"start":{"line":37,"column":30},"end":{"line":37,"column":31}},"loc":{"start":{"line":37,"column":42},"end":{"line":43,"column":1}},"line":37},"4":{"name":"(anonymous_4)","decl":{"start":{"line":47,"column":34},"end":{"line":47,"column":35}},"loc":{"start":{"line":47,"column":61},"end":{"line":63,"column":1}},"line":47}},"branchMap":{"0":{"loc":{"start":{"line":50,"column":8},"end":{"line":59,"column":9}},"type":"if","locations":[{"start":{"line":50,"column":8},"end":{"line":59,"column":9}},{"start":{"line":50,"column":8},"end":{"line":59,"column":9}}],"line":50},"1":{"loc":{"start":{"line":52,"column":12},"end":{"line":58,"column":13}},"type":"if","locations":[{"start":{"line":52,"column":12},"end":{"line":58,"column":13}},{"start":{"line":52,"column":12},"end":{"line":58,"column":13}}],"line":52}},"s":{"0":1,"1":1,"2":1,"3":1,"4":1,"5":0,"6":0,"7":0,"8":0,"9":1,"10":0,"11":0,"12":0,"13":0,"14":0,"15":1,"16":0,"17":0,"18":0,"19":1,"20":0,"21":0,"22":0,"23":0,"24":0,"25":0,"26":0,"27":0,"28":0,"29":0},"f":{"0":1,"1":0,"2":0,"3":0,"4":0},"b":{"0":[0,0],"1":[0,0]},"_coverageSchema":"43e27e138ebf9cfc5966b082cf9a028302ed4184","hash":"a41e7430d58ebcbd6c02bf7edd638ae8c80d9c78"}
,"C:\\CN-33\\src\\actions\\mCategoriesActions.js": {"path":"C:\\CN-33\\src\\actions\\mCategoriesActions.js","statementMap":{"0":{"start":{"line":3,"column":34},"end":{"line":9,"column":1}},"1":{"start":{"line":4,"column":2},"end":{"line":8,"column":3}},"2":{"start":{"line":5,"column":4},"end":{"line":5,"column":53}},"3":{"start":{"line":7,"column":4},"end":{"line":7,"column":16}},"4":{"start":{"line":11,"column":33},"end":{"line":22,"column":1}},"5":{"start":{"line":12,"column":2},"end":{"line":21,"column":3}},"6":{"start":{"line":13,"column":4},"end":{"line":18,"column":7}},"7":{"start":{"line":20,"column":4},"end":{"line":20,"column":21}},"8":{"start":{"line":24,"column":34},"end":{"line":31,"column":1}},"9":{"start":{"line":25,"column":2},"end":{"line":30,"column":3}},"10":{"start":{"line":26,"column":21},"end":{"line":26,"column":84}},"11":{"start":{"line":27,"column":4},"end":{"line":27,"column":26}},"12":{"start":{"line":29,"column":4},"end":{"line":29,"column":15}}},"fnMap":{"0":{"name":"(anonymous_0)","decl":{"start":{"line":3,"column":34},"end":{"line":3,"column":35}},"loc":{"start":{"line":3,"column":53},"end":{"line":9,"column":1}},"line":3},"1":{"name":"(anonymous_1)","decl":{"start":{"line":11,"column":33},"end":{"line":11,"column":34}},"loc":{"start":{"line":11,"column":45},"end":{"line":22,"column":1}},"line":11},"2":{"name":"(anonymous_2)","decl":{"start":{"line":24,"column":34},"end":{"line":24,"column":35}},"loc":{"start":{"line":24,"column":60},"end":{"line":31,"column":1}},"line":24}},"branchMap":{},"s":{"0":1,"1":0,"2":0,"3":0,"4":1,"5":0,"6":0,"7":0,"8":1,"9":0,"10":0,"11":0,"12":0},"f":{"0":0,"1":0,"2":0},"b":{},"_coverageSchema":"43e27e138ebf9cfc5966b082cf9a028302ed4184","hash":"5a2d2c9d998bf4aae7b17527b479e5b1acf27194"}
,"C:\\CN-33\\src\\actions\\menuActions.js": {"path":"C:\\CN-33\\src\\actions\\menuActions.js","statementMap":{"0":{"start":{"line":5,"column":26},"end":{"line":18,"column":1}},"1":{"start":{"line":6,"column":4},"end":{"line":17,"column":5}},"2":{"start":{"line":7,"column":28},"end":{"line":7,"column":56}},"3":{"start":{"line":8,"column":31},"end":{"line":8,"column":59}},"4":{"start":{"line":9,"column":33},"end":{"line":9,"column":59}},"5":{"start":{"line":10,"column":23},"end":{"line":10,"column":62}},"6":{"start":{"line":11,"column":8},"end":{"line":11,"column":57}},"7":{"start":{"line":12,"column":8},"end":{"line":12,"column":57}},"8":{"start":{"line":13,"column":8},"end":{"line":13,"column":27}},"9":{"start":{"line":16,"column":8},"end":{"line":16,"column":20}},"10":{"start":{"line":20,"column":24},"end":{"line":28,"column":1}},"11":{"start":{"line":21,"column":4},"end":{"line":27,"column":5}},"12":{"start":{"line":22,"column":8},"end":{"line":24,"column":74}},"13":{"start":{"line":26,"column":8},"end":{"line":26,"column":24}},"14":{"start":{"line":30,"column":26},"end":{"line":39,"column":1}},"15":{"start":{"line":32,"column":4},"end":{"line":37,"column":5}},"16":{"start":{"line":33,"column":25},"end":{"line":33,"column":82}},"17":{"start":{"line":34,"column":8},"end":{"line":34,"column":30}},"18":{"start":{"line":36,"column":8},"end":{"line":36,"column":19}}},"fnMap":{"0":{"name":"(anonymous_0)","decl":{"start":{"line":5,"column":26},"end":{"line":5,"column":27}},"loc":{"start":{"line":5,"column":42},"end":{"line":18,"column":1}},"line":5},"1":{"name":"(anonymous_1)","decl":{"start":{"line":20,"column":24},"end":{"line":20,"column":25}},"loc":{"start":{"line":20,"column":36},"end":{"line":28,"column":1}},"line":20},"2":{"name":"(anonymous_2)","decl":{"start":{"line":30,"column":26},"end":{"line":30,"column":27}},"loc":{"start":{"line":30,"column":52},"end":{"line":39,"column":1}},"line":30}},"branchMap":{},"s":{"0":1,"1":0,"2":0,"3":0,"4":0,"5":0,"6":0,"7":0,"8":0,"9":0,"10":1,"11":0,"12":0,"13":0,"14":1,"15":0,"16":0,"17":0,"18":0},"f":{"0":0,"1":0,"2":0},"b":{},"_coverageSchema":"43e27e138ebf9cfc5966b082cf9a028302ed4184","hash":"bee5ded376b08adaf0d81788b2b62e3a93b61d0d"}
,"C:\\CN-33\\src\\actions\\rCategoriesActions.js": {"path":"C:\\CN-33\\src\\actions\\rCategoriesActions.js","statementMap":{"0":{"start":{"line":3,"column":40},"end":{"line":9,"column":1}},"1":{"start":{"line":4,"column":2},"end":{"line":8,"column":3}},"2":{"start":{"line":5,"column":4},"end":{"line":5,"column":59}},"3":{"start":{"line":7,"column":4},"end":{"line":7,"column":16}},"4":{"start":{"line":11,"column":39},"end":{"line":17,"column":1}},"5":{"start":{"line":12,"column":2},"end":{"line":16,"column":3}},"6":{"start":{"line":13,"column":4},"end":{"line":13,"column":93}},"7":{"start":{"line":15,"column":4},"end":{"line":15,"column":21}},"8":{"start":{"line":19,"column":40},"end":{"line":26,"column":1}},"9":{"start":{"line":20,"column":2},"end":{"line":25,"column":3}},"10":{"start":{"line":21,"column":21},"end":{"line":21,"column":92}},"11":{"start":{"line":22,"column":4},"end":{"line":22,"column":26}},"12":{"start":{"line":24,"column":4},"end":{"line":24,"column":15}}},"fnMap":{"0":{"name":"(anonymous_0)","decl":{"start":{"line":3,"column":40},"end":{"line":3,"column":41}},"loc":{"start":{"line":3,"column":59},"end":{"line":9,"column":1}},"line":3},"1":{"name":"(anonymous_1)","decl":{"start":{"line":11,"column":39},"end":{"line":11,"column":40}},"loc":{"start":{"line":11,"column":51},"end":{"line":17,"column":1}},"line":11},"2":{"name":"(anonymous_2)","decl":{"start":{"line":19,"column":40},"end":{"line":19,"column":41}},"loc":{"start":{"line":19,"column":66},"end":{"line":26,"column":1}},"line":19}},"branchMap":{},"s":{"0":1,"1":0,"2":0,"3":0,"4":1,"5":0,"6":0,"7":0,"8":1,"9":0,"10":0,"11":0,"12":0},"f":{"0":0,"1":0,"2":0},"b":{},"_coverageSchema":"43e27e138ebf9cfc5966b082cf9a028302ed4184","hash":"7b10eed981f764c1c576f156910f44b182e3889b"}
,"C:\\CN-33\\src\\actions\\restaurantActions.js": {"path":"C:\\CN-33\\src\\actions\\restaurantActions.js","statementMap":{"0":{"start":{"line":4,"column":32},"end":{"line":15,"column":1}},"1":{"start":{"line":5,"column":4},"end":{"line":14,"column":5}},"2":{"start":{"line":6,"column":34},"end":{"line":6,"column":74}},"3":{"start":{"line":7,"column":24},"end":{"line":7,"column":65}},"4":{"start":{"line":8,"column":23},"end":{"line":8,"column":74}},"5":{"start":{"line":9,"column":8},"end":{"line":9,"column":55}},"6":{"start":{"line":10,"column":8},"end":{"line":10,"column":33}},"7":{"start":{"line":13,"column":8},"end":{"line":13,"column":20}},"8":{"start":{"line":17,"column":30},"end":{"line":25,"column":1}},"9":{"start":{"line":18,"column":4},"end":{"line":24,"column":5}},"10":{"start":{"line":19,"column":8},"end":{"line":21,"column":81}},"11":{"start":{"line":23,"column":8},"end":{"line":23,"column":24}},"12":{"start":{"line":27,"column":32},"end":{"line":35,"column":1}},"13":{"start":{"line":28,"column":4},"end":{"line":33,"column":5}},"14":{"start":{"line":29,"column":25},"end":{"line":29,"column":88}},"15":{"start":{"line":30,"column":8},"end":{"line":30,"column":30}},"16":{"start":{"line":32,"column":8},"end":{"line":32,"column":19}}},"fnMap":{"0":{"name":"(anonymous_0)","decl":{"start":{"line":4,"column":32},"end":{"line":4,"column":33}},"loc":{"start":{"line":4,"column":54},"end":{"line":15,"column":1}},"line":4},"1":{"name":"(anonymous_1)","decl":{"start":{"line":17,"column":30},"end":{"line":17,"column":31}},"loc":{"start":{"line":17,"column":42},"end":{"line":25,"column":1}},"line":17},"2":{"name":"(anonymous_2)","decl":{"start":{"line":27,"column":32},"end":{"line":27,"column":33}},"loc":{"start":{"line":27,"column":58},"end":{"line":35,"column":1}},"line":27}},"branchMap":{},"s":{"0":1,"1":0,"2":0,"3":0,"4":0,"5":0,"6":0,"7":0,"8":1,"9":0,"10":0,"11":0,"12":1,"13":0,"14":0,"15":0,"16":0},"f":{"0":0,"1":0,"2":0},"b":{},"_coverageSchema":"43e27e138ebf9cfc5966b082cf9a028302ed4184","hash":"1b1a5481d5e2fa76bb1b374f6bce3b4bb6b09113"}
,"C:\\CN-33\\src\\actions\\userActions.js": {"path":"C:\\CN-33\\src\\actions\\userActions.js","statementMap":{"0":{"start":{"line":7,"column":0},"end":{"line":11,"column":1}},"1":{"start":{"line":8,"column":15},"end":{"line":8,"column":39}},"2":{"start":{"line":9,"column":2},"end":{"line":9,"column":38}},"3":{"start":{"line":10,"column":2},"end":{"line":10,"column":14}},"4":{"start":{"line":17,"column":20},"end":{"line":27,"column":1}},"5":{"start":{"line":18,"column":14},"end":{"line":18,"column":45}},"6":{"start":{"line":19,"column":18},"end":{"line":24,"column":3}},"7":{"start":{"line":25,"column":16},"end":{"line":25,"column":53}},"8":{"start":{"line":26,"column":2},"end":{"line":26,"column":18}},"9":{"start":{"line":30,"column":26},"end":{"line":38,"column":1}},"10":{"start":{"line":31,"column":3},"end":{"line":37,"column":4}},"11":{"start":{"line":32,"column":21},"end":{"line":32,"column":49}},"12":{"start":{"line":33,"column":19},"end":{"line":33,"column":39}},"13":{"start":{"line":34,"column":5},"end":{"line":34,"column":18}},"14":{"start":{"line":36,"column":5},"end":{"line":36,"column":17}},"15":{"start":{"line":40,"column":24},"end":{"line":46,"column":1}},"16":{"start":{"line":41,"column":4},"end":{"line":45,"column":5}},"17":{"start":{"line":42,"column":8},"end":{"line":42,"column":38}},"18":{"start":{"line":44,"column":8},"end":{"line":44,"column":24}},"19":{"start":{"line":48,"column":26},"end":{"line":57,"column":1}},"20":{"start":{"line":50,"column":2},"end":{"line":55,"column":3}},"21":{"start":{"line":51,"column":21},"end":{"line":51,"column":78}},"22":{"start":{"line":52,"column":4},"end":{"line":52,"column":26}},"23":{"start":{"line":54,"column":6},"end":{"line":54,"column":17}},"24":{"start":{"line":68,"column":30},"end":{"line":87,"column":2}},"25":{"start":{"line":69,"column":3},"end":{"line":85,"column":4}},"26":{"start":{"line":71,"column":18},"end":{"line":71,"column":59}},"27":{"start":{"line":72,"column":5},"end":{"line":81,"column":6}},"28":{"start":{"line":73,"column":25},"end":{"line":73,"column":70}},"29":{"start":{"line":74,"column":7},"end":{"line":80,"column":8}},"30":{"start":{"line":75,"column":21},"end":{"line":75,"column":38}},"31":{"start":{"line":76,"column":9},"end":{"line":76,"column":22}},"32":{"start":{"line":78,"column":21},"end":{"line":78,"column":25}},"33":{"start":{"line":79,"column":9},"end":{"line":79,"column":22}},"34":{"start":{"line":84,"column":6},"end":{"line":84,"column":22}},"35":{"start":{"line":89,"column":24},"end":{"line":95,"column":1}},"36":{"start":{"line":90,"column":2},"end":{"line":94,"column":3}},"37":{"start":{"line":91,"column":4},"end":{"line":91,"column":43}},"38":{"start":{"line":93,"column":4},"end":{"line":93,"column":17}}},"fnMap":{"0":{"name":"(anonymous_0)","decl":{"start":{"line":7,"column":25},"end":{"line":7,"column":26}},"loc":{"start":{"line":7,"column":41},"end":{"line":11,"column":1}},"line":7},"1":{"name":"(anonymous_1)","decl":{"start":{"line":17,"column":20},"end":{"line":17,"column":21}},"loc":{"start":{"line":17,"column":30},"end":{"line":27,"column":1}},"line":17},"2":{"name":"(anonymous_2)","decl":{"start":{"line":30,"column":26},"end":{"line":30,"column":27}},"loc":{"start":{"line":30,"column":42},"end":{"line":38,"column":1}},"line":30},"3":{"name":"(anonymous_3)","decl":{"start":{"line":40,"column":24},"end":{"line":40,"column":25}},"loc":{"start":{"line":40,"column":36},"end":{"line":46,"column":1}},"line":40},"4":{"name":"(anonymous_4)","decl":{"start":{"line":48,"column":26},"end":{"line":48,"column":27}},"loc":{"start":{"line":48,"column":52},"end":{"line":57,"column":1}},"line":48},"5":{"name":"(anonymous_5)","decl":{"start":{"line":68,"column":30},"end":{"line":68,"column":31}},"loc":{"start":{"line":68,"column":57},"end":{"line":87,"column":2}},"line":68},"6":{"name":"(anonymous_6)","decl":{"start":{"line":89,"column":24},"end":{"line":89,"column":25}},"loc":{"start":{"line":89,"column":42},"end":{"line":95,"column":1}},"line":89}},"branchMap":{"0":{"loc":{"start":{"line":72,"column":5},"end":{"line":81,"column":6}},"type":"if","locations":[{"start":{"line":72,"column":5},"end":{"line":81,"column":6}},{"start":{"line":72,"column":5},"end":{"line":81,"column":6}}],"line":72},"1":{"loc":{"start":{"line":74,"column":7},"end":{"line":80,"column":8}},"type":"if","locations":[{"start":{"line":74,"column":7},"end":{"line":80,"column":8}},{"start":{"line":74,"column":7},"end":{"line":80,"column":8}}],"line":74}},"s":{"0":1,"1":0,"2":0,"3":0,"4":1,"5":1,"6":1,"7":1,"8":1,"9":1,"10":1,"11":1,"12":1,"13":1,"14":0,"15":1,"16":0,"17":0,"18":0,"19":1,"20":0,"21":0,"22":0,"23":0,"24":1,"25":0,"26":0,"27":0,"28":0,"29":0,"30":0,"31":0,"32":0,"33":0,"34":0,"35":1,"36":1,"37":1,"38":0},"f":{"0":0,"1":1,"2":1,"3":0,"4":0,"5":0,"6":1},"b":{"0":[0,0],"1":[0,0]},"_coverageSchema":"43e27e138ebf9cfc5966b082cf9a028302ed4184","hash":"98c47421b35172fb5b3d2bc2ebf6f515445359af"}
,"C:\\CN-33\\src\\database\\models\\index.js": {"path":"C:\\CN-33\\src\\database\\models\\index.js","statementMap":{"0":{"start":{"line":3,"column":19},"end":{"line":3,"column":51}},"1":{"start":{"line":4,"column":25},"end":{"line":4,"column":63}},"2":{"start":{"line":5,"column":20},"end":{"line":5,"column":53}},"3":{"start":{"line":6,"column":25},"end":{"line":6,"column":63}},"4":{"start":{"line":7,"column":35},"end":{"line":7,"column":72}},"5":{"start":{"line":8,"column":19},"end":{"line":8,"column":51}},"6":{"start":{"line":9,"column":29},"end":{"line":9,"column":66}},"7":{"start":{"line":13,"column":18},"end":{"line":13,"column":53}},"8":{"start":{"line":14,"column":24},"end":{"line":14,"column":71}},"9":{"start":{"line":15,"column":19},"end":{"line":15,"column":56}},"10":{"start":{"line":16,"column":24},"end":{"line":16,"column":71}},"11":{"start":{"line":17,"column":32},"end":{"line":17,"column":98}},"12":{"start":{"line":18,"column":18},"end":{"line":18,"column":53}},"13":{"start":{"line":19,"column":26},"end":{"line":19,"column":80}}},"fnMap":{},"branchMap":{},"s":{"0":1,"1":1,"2":1,"3":1,"4":1,"5":1,"6":1,"7":1,"8":1,"9":1,"10":1,"11":1,"12":1,"13":1},"f":{},"b":{},"_coverageSchema":"43e27e138ebf9cfc5966b082cf9a028302ed4184","hash":"ce7e100ef5737acbd6f4f305c09a3282ba5cf345"}
,"C:\\CN-33\\src\\database\\schemas\\DeliverierSchema.js": {"path":"C:\\CN-33\\src\\database\\schemas\\DeliverierSchema.js","statementMap":{"0":{"start":{"line":1,"column":17},"end":{"line":1,"column":36}},"1":{"start":{"line":4,"column":15},"end":{"line":4,"column":30}},"2":{"start":{"line":6,"column":25},"end":{"line":62,"column":1}},"3":{"start":{"line":64,"column":0},"end":{"line":66,"column":2}},"4":{"start":{"line":65,"column":2},"end":{"line":65,"column":25}},"5":{"start":{"line":68,"column":0},"end":{"line":78,"column":2}},"6":{"start":{"line":69,"column":19},"end":{"line":69,"column":23}},"7":{"start":{"line":70,"column":2},"end":{"line":76,"column":4}},"8":{"start":{"line":71,"column":4},"end":{"line":75,"column":6}},"9":{"start":{"line":72,"column":6},"end":{"line":72,"column":32}},"10":{"start":{"line":72,"column":15},"end":{"line":72,"column":32}},"11":{"start":{"line":73,"column":6},"end":{"line":73,"column":33}},"12":{"start":{"line":74,"column":6},"end":{"line":74,"column":13}},"13":{"start":{"line":80,"column":0},"end":{"line":80,"column":34}}},"fnMap":{"0":{"name":"(anonymous_0)","decl":{"start":{"line":64,"column":44},"end":{"line":64,"column":45}},"loc":{"start":{"line":64,"column":55},"end":{"line":66,"column":1}},"line":64},"1":{"name":"(anonymous_1)","decl":{"start":{"line":68,"column":29},"end":{"line":68,"column":30}},"loc":{"start":{"line":68,"column":45},"end":{"line":78,"column":1}},"line":68},"2":{"name":"(anonymous_2)","decl":{"start":{"line":70,"column":21},"end":{"line":70,"column":22}},"loc":{"start":{"line":70,"column":36},"end":{"line":76,"column":3}},"line":70},"3":{"name":"(anonymous_3)","decl":{"start":{"line":71,"column":43},"end":{"line":71,"column":44}},"loc":{"start":{"line":71,"column":58},"end":{"line":75,"column":5}},"line":71}},"branchMap":{"0":{"loc":{"start":{"line":72,"column":6},"end":{"line":72,"column":32}},"type":"if","locations":[{"start":{"line":72,"column":6},"end":{"line":72,"column":32}},{"start":{"line":72,"column":6},"end":{"line":72,"column":32}}],"line":72}},"s":{"0":1,"1":1,"2":1,"3":1,"4":0,"5":1,"6":0,"7":0,"8":0,"9":0,"10":0,"11":0,"12":0,"13":1},"f":{"0":0,"1":0,"2":0,"3":0},"b":{"0":[0,0]},"_coverageSchema":"43e27e138ebf9cfc5966b082cf9a028302ed4184","hash":"b9877cfc257044ef6eadb7dd1195192d4e723a54"}
,"C:\\CN-33\\src\\database\\schemas\\MCategorySchema.js": {"path":"C:\\CN-33\\src\\database\\schemas\\MCategorySchema.js","statementMap":{"0":{"start":{"line":1,"column":17},"end":{"line":1,"column":36}},"1":{"start":{"line":2,"column":15},"end":{"line":2,"column":30}},"2":{"start":{"line":4,"column":27},"end":{"line":19,"column":2}},"3":{"start":{"line":21,"column":0},"end":{"line":23,"column":2}},"4":{"start":{"line":22,"column":2},"end":{"line":22,"column":25}},"5":{"start":{"line":25,"column":0},"end":{"line":25,"column":36}}},"fnMap":{"0":{"name":"(anonymous_0)","decl":{"start":{"line":21,"column":44},"end":{"line":21,"column":45}},"loc":{"start":{"line":21,"column":55},"end":{"line":23,"column":1}},"line":21}},"branchMap":{},"s":{"0":1,"1":1,"2":1,"3":1,"4":1,"5":1},"f":{"0":1},"b":{},"_coverageSchema":"43e27e138ebf9cfc5966b082cf9a028302ed4184","hash":"77363a77d26bd8d38e4c854091500de3ebba1ab6"}
,"C:\\CN-33\\src\\database\\schemas\\MenuSchema.js": {"path":"C:\\CN-33\\src\\database\\schemas\\MenuSchema.js","statementMap":{"0":{"start":{"line":1,"column":17},"end":{"line":1,"column":36}},"1":{"start":{"line":2,"column":15},"end":{"line":2,"column":30}},"2":{"start":{"line":4,"column":19},"end":{"line":31,"column":24}},"3":{"start":{"line":33,"column":0},"end":{"line":35,"column":2}},"4":{"start":{"line":34,"column":4},"end":{"line":34,"column":27}},"5":{"start":{"line":37,"column":0},"end":{"line":37,"column":28}}},"fnMap":{"0":{"name":"(anonymous_0)","decl":{"start":{"line":33,"column":44},"end":{"line":33,"column":45}},"loc":{"start":{"line":33,"column":56},"end":{"line":35,"column":1}},"line":33}},"branchMap":{},"s":{"0":1,"1":1,"2":1,"3":1,"4":0,"5":1},"f":{"0":0},"b":{},"_coverageSchema":"43e27e138ebf9cfc5966b082cf9a028302ed4184","hash":"b0adc53c621bc3cca5e72d212c38786da0b25dce"}
,"C:\\CN-33\\src\\database\\schemas\\OrderSchema.js": {"path":"C:\\CN-33\\src\\database\\schemas\\OrderSchema.js","statementMap":{"0":{"start":{"line":1,"column":17},"end":{"line":1,"column":36}},"1":{"start":{"line":3,"column":15},"end":{"line":3,"column":30}},"2":{"start":{"line":5,"column":20},"end":{"line":56,"column":24}},"3":{"start":{"line":59,"column":0},"end":{"line":61,"column":2}},"4":{"start":{"line":60,"column":4},"end":{"line":60,"column":27}},"5":{"start":{"line":63,"column":0},"end":{"line":63,"column":29}}},"fnMap":{"0":{"name":"(anonymous_0)","decl":{"start":{"line":59,"column":44},"end":{"line":59,"column":45}},"loc":{"start":{"line":59,"column":56},"end":{"line":61,"column":1}},"line":59}},"branchMap":{},"s":{"0":1,"1":1,"2":1,"3":1,"4":0,"5":1},"f":{"0":0},"b":{},"_coverageSchema":"43e27e138ebf9cfc5966b082cf9a028302ed4184","hash":"6037793769dcbc4b8c5c6ebdf6e6fcc2684ee973"}
,"C:\\CN-33\\src\\database\\schemas\\RCategorySchema.js": {"path":"C:\\CN-33\\src\\database\\schemas\\RCategorySchema.js","statementMap":{"0":{"start":{"line":1,"column":17},"end":{"line":1,"column":36}},"1":{"start":{"line":2,"column":15},"end":{"line":2,"column":30}},"2":{"start":{"line":4,"column":33},"end":{"line":19,"column":2}},"3":{"start":{"line":21,"column":0},"end":{"line":23,"column":2}},"4":{"start":{"line":22,"column":2},"end":{"line":22,"column":25}},"5":{"start":{"line":25,"column":0},"end":{"line":25,"column":42}}},"fnMap":{"0":{"name":"(anonymous_0)","decl":{"start":{"line":21,"column":44},"end":{"line":21,"column":45}},"loc":{"start":{"line":21,"column":55},"end":{"line":23,"column":1}},"line":21}},"branchMap":{},"s":{"0":1,"1":1,"2":1,"3":1,"4":0,"5":1},"f":{"0":0},"b":{},"_coverageSchema":"43e27e138ebf9cfc5966b082cf9a028302ed4184","hash":"28e9d96a019c28ae6499d0808457d41175e140fc"}
,"C:\\CN-33\\src\\database\\schemas\\RestaurantSchema.js": {"path":"C:\\CN-33\\src\\database\\schemas\\RestaurantSchema.js","statementMap":{"0":{"start":{"line":1,"column":17},"end":{"line":1,"column":36}},"1":{"start":{"line":2,"column":15},"end":{"line":2,"column":30}},"2":{"start":{"line":4,"column":25},"end":{"line":27,"column":2}},"3":{"start":{"line":29,"column":0},"end":{"line":31,"column":2}},"4":{"start":{"line":30,"column":4},"end":{"line":30,"column":27}},"5":{"start":{"line":33,"column":0},"end":{"line":33,"column":34}}},"fnMap":{"0":{"name":"(anonymous_0)","decl":{"start":{"line":29,"column":44},"end":{"line":29,"column":45}},"loc":{"start":{"line":29,"column":56},"end":{"line":31,"column":1}},"line":29}},"branchMap":{},"s":{"0":1,"1":1,"2":1,"3":1,"4":0,"5":1},"f":{"0":0},"b":{},"_coverageSchema":"43e27e138ebf9cfc5966b082cf9a028302ed4184","hash":"756e91b20ef43a8a2a70f081a936ecf539397755"}
,"C:\\CN-33\\src\\database\\schemas\\UserSchema.js": {"path":"C:\\CN-33\\src\\database\\schemas\\UserSchema.js","statementMap":{"0":{"start":{"line":1,"column":17},"end":{"line":1,"column":36}},"1":{"start":{"line":4,"column":15},"end":{"line":4,"column":30}},"2":{"start":{"line":6,"column":19},"end":{"line":27,"column":23}},"3":{"start":{"line":29,"column":0},"end":{"line":31,"column":2}},"4":{"start":{"line":30,"column":4},"end":{"line":30,"column":27}},"5":{"start":{"line":33,"column":0},"end":{"line":43,"column":2}},"6":{"start":{"line":34,"column":15},"end":{"line":34,"column":19}},"7":{"start":{"line":35,"column":4},"end":{"line":41,"column":6}},"8":{"start":{"line":36,"column":8},"end":{"line":40,"column":10}},"9":{"start":{"line":37,"column":12},"end":{"line":37,"column":37}},"10":{"start":{"line":37,"column":20},"end":{"line":37,"column":37}},"11":{"start":{"line":38,"column":12},"end":{"line":38,"column":33}},"12":{"start":{"line":39,"column":12},"end":{"line":39,"column":19}},"13":{"start":{"line":45,"column":0},"end":{"line":45,"column":28}}},"fnMap":{"0":{"name":"(anonymous_0)","decl":{"start":{"line":29,"column":44},"end":{"line":29,"column":45}},"loc":{"start":{"line":29,"column":56},"end":{"line":31,"column":1}},"line":29},"1":{"name":"(anonymous_1)","decl":{"start":{"line":33,"column":23},"end":{"line":33,"column":24}},"loc":{"start":{"line":33,"column":39},"end":{"line":43,"column":1}},"line":33},"2":{"name":"(anonymous_2)","decl":{"start":{"line":35,"column":23},"end":{"line":35,"column":24}},"loc":{"start":{"line":35,"column":38},"end":{"line":41,"column":5}},"line":35},"3":{"name":"(anonymous_3)","decl":{"start":{"line":36,"column":41},"end":{"line":36,"column":42}},"loc":{"start":{"line":36,"column":56},"end":{"line":40,"column":9}},"line":36}},"branchMap":{"0":{"loc":{"start":{"line":37,"column":12},"end":{"line":37,"column":37}},"type":"if","locations":[{"start":{"line":37,"column":12},"end":{"line":37,"column":37}},{"start":{"line":37,"column":12},"end":{"line":37,"column":37}}],"line":37}},"s":{"0":1,"1":1,"2":1,"3":1,"4":0,"5":1,"6":1,"7":1,"8":1,"9":1,"10":0,"11":1,"12":1,"13":1},"f":{"0":0,"1":1,"2":1,"3":1},"b":{"0":[0,1]},"_coverageSchema":"43e27e138ebf9cfc5966b082cf9a028302ed4184","hash":"a597f5a989dd765d514a66e6214c3e85e4639f75"}
,"C:\\CN-33\\src\\graphql\\resolvers.js": {"path":"C:\\CN-33\\src\\graphql\\resolvers.js","statementMap":{"0":{"start":{"line":3,"column":15},"end":{"line":3,"column":27}},"1":{"start":{"line":4,"column":20},"end":{"line":4,"column":33}},"2":{"start":{"line":30,"column":15},"end":{"line":39,"column":2}},"3":{"start":{"line":41,"column":19},"end":{"line":249,"column":2}},"4":{"start":{"line":45,"column":52},"end":{"line":45,"column":87}},"5":{"start":{"line":49,"column":18},"end":{"line":49,"column":23}},"6":{"start":{"line":51,"column":7},"end":{"line":55,"column":8}},"7":{"start":{"line":52,"column":9},"end":{"line":52,"column":33}},"8":{"start":{"line":54,"column":9},"end":{"line":54,"column":20}},"9":{"start":{"line":58,"column":8},"end":{"line":62,"column":9}},"10":{"start":{"line":59,"column":10},"end":{"line":59,"column":40}},"11":{"start":{"line":61,"column":10},"end":{"line":61,"column":21}},"12":{"start":{"line":65,"column":7},"end":{"line":71,"column":8}},"13":{"start":{"line":66,"column":29},"end":{"line":66,"column":51}},"14":{"start":{"line":67,"column":9},"end":{"line":67,"column":65}},"15":{"start":{"line":68,"column":9},"end":{"line":68,"column":28}},"16":{"start":{"line":70,"column":9},"end":{"line":70,"column":20}},"17":{"start":{"line":74,"column":7},"end":{"line":78,"column":8}},"18":{"start":{"line":75,"column":9},"end":{"line":75,"column":48}},"19":{"start":{"line":77,"column":9},"end":{"line":77,"column":20}},"20":{"start":{"line":81,"column":7},"end":{"line":85,"column":8}},"21":{"start":{"line":82,"column":9},"end":{"line":82,"column":33}},"22":{"start":{"line":84,"column":9},"end":{"line":84,"column":20}},"23":{"start":{"line":88,"column":7},"end":{"line":92,"column":8}},"24":{"start":{"line":89,"column":9},"end":{"line":89,"column":42}},"25":{"start":{"line":91,"column":9},"end":{"line":91,"column":20}},"26":{"start":{"line":97,"column":7},"end":{"line":103,"column":8}},"27":{"start":{"line":98,"column":24},"end":{"line":98,"column":51}},"28":{"start":{"line":99,"column":8},"end":{"line":99,"column":23}},"29":{"start":{"line":102,"column":9},"end":{"line":102,"column":20}},"30":{"start":{"line":107,"column":8},"end":{"line":111,"column":9}},"31":{"start":{"line":108,"column":10},"end":{"line":108,"column":51}},"32":{"start":{"line":110,"column":10},"end":{"line":110,"column":21}},"33":{"start":{"line":114,"column":8},"end":{"line":119,"column":7}},"34":{"start":{"line":115,"column":24},"end":{"line":115,"column":60}},"35":{"start":{"line":116,"column":10},"end":{"line":116,"column":23}},"36":{"start":{"line":118,"column":10},"end":{"line":118,"column":23}},"37":{"start":{"line":122,"column":6},"end":{"line":126,"column":9}},"38":{"start":{"line":123,"column":10},"end":{"line":123,"column":59}},"39":{"start":{"line":125,"column":10},"end":{"line":125,"column":23}},"40":{"start":{"line":129,"column":7},"end":{"line":135,"column":8}},"41":{"start":{"line":130,"column":24},"end":{"line":130,"column":39}},"42":{"start":{"line":131,"column":24},"end":{"line":131,"column":45}},"43":{"start":{"line":132,"column":9},"end":{"line":132,"column":49}},"44":{"start":{"line":134,"column":9},"end":{"line":134,"column":20}},"45":{"start":{"line":138,"column":7},"end":{"line":152,"column":8}},"46":{"start":{"line":139,"column":39},"end":{"line":139,"column":65}},"47":{"start":{"line":140,"column":25},"end":{"line":140,"column":43}},"48":{"start":{"line":141,"column":26},"end":{"line":141,"column":51}},"49":{"start":{"line":142,"column":36},"end":{"line":145,"column":11}},"50":{"start":{"line":147,"column":30},"end":{"line":147,"column":71}},"51":{"start":{"line":148,"column":8},"end":{"line":148,"column":29}},"52":{"start":{"line":151,"column":9},"end":{"line":151,"column":20}},"53":{"start":{"line":155,"column":7},"end":{"line":161,"column":8}},"54":{"start":{"line":156,"column":24},"end":{"line":156,"column":45}},"55":{"start":{"line":157,"column":24},"end":{"line":157,"column":45}},"56":{"start":{"line":158,"column":9},"end":{"line":158,"column":55}},"57":{"start":{"line":160,"column":9},"end":{"line":160,"column":20}},"58":{"start":{"line":164,"column":7},"end":{"line":177,"column":8}},"59":{"start":{"line":165,"column":38},"end":{"line":165,"column":72}},"60":{"start":{"line":166,"column":24},"end":{"line":166,"column":42}},"61":{"start":{"line":167,"column":25},"end":{"line":167,"column":50}},"62":{"start":{"line":168,"column":43},"end":{"line":171,"column":10}},"63":{"start":{"line":173,"column":30},"end":{"line":173,"column":87}},"64":{"start":{"line":174,"column":9},"end":{"line":174,"column":29}},"65":{"start":{"line":176,"column":9},"end":{"line":176,"column":20}},"66":{"start":{"line":185,"column":7},"end":{"line":191,"column":8}},"67":{"start":{"line":186,"column":24},"end":{"line":186,"column":44}},"68":{"start":{"line":187,"column":24},"end":{"line":187,"column":45}},"69":{"start":{"line":188,"column":9},"end":{"line":188,"column":63}},"70":{"start":{"line":190,"column":9},"end":{"line":190,"column":20}},"71":{"start":{"line":194,"column":7},"end":{"line":207,"column":8}},"72":{"start":{"line":195,"column":38},"end":{"line":195,"column":58}},"73":{"start":{"line":196,"column":24},"end":{"line":196,"column":42}},"74":{"start":{"line":197,"column":25},"end":{"line":197,"column":50}},"75":{"start":{"line":198,"column":29},"end":{"line":201,"column":10}},"76":{"start":{"line":203,"column":25},"end":{"line":203,"column":54}},"77":{"start":{"line":204,"column":9},"end":{"line":204,"column":24}},"78":{"start":{"line":206,"column":9},"end":{"line":206,"column":20}},"79":{"start":{"line":210,"column":7},"end":{"line":216,"column":8}},"80":{"start":{"line":211,"column":24},"end":{"line":211,"column":39}},"81":{"start":{"line":212,"column":24},"end":{"line":212,"column":45}},"82":{"start":{"line":213,"column":9},"end":{"line":213,"column":49}},"83":{"start":{"line":215,"column":9},"end":{"line":215,"column":20}},"84":{"start":{"line":219,"column":7},"end":{"line":232,"column":8}},"85":{"start":{"line":220,"column":37},"end":{"line":220,"column":65}},"86":{"start":{"line":221,"column":23},"end":{"line":221,"column":41}},"87":{"start":{"line":222,"column":24},"end":{"line":222,"column":49}},"88":{"start":{"line":223,"column":36},"end":{"line":226,"column":9}},"89":{"start":{"line":228,"column":30},"end":{"line":228,"column":75}},"90":{"start":{"line":229,"column":9},"end":{"line":229,"column":29}},"91":{"start":{"line":231,"column":9},"end":{"line":231,"column":20}},"92":{"start":{"line":240,"column":7},"end":{"line":246,"column":8}},"93":{"start":{"line":241,"column":24},"end":{"line":241,"column":44}},"94":{"start":{"line":242,"column":24},"end":{"line":242,"column":45}},"95":{"start":{"line":243,"column":9},"end":{"line":243,"column":57}},"96":{"start":{"line":245,"column":9},"end":{"line":245,"column":20}}},"fnMap":{"0":{"name":"(anonymous_0)","decl":{"start":{"line":45,"column":19},"end":{"line":45,"column":20}},"loc":{"start":{"line":45,"column":52},"end":{"line":45,"column":87}},"line":45},"1":{"name":"(anonymous_1)","decl":{"start":{"line":49,"column":12},"end":{"line":49,"column":13}},"loc":{"start":{"line":49,"column":18},"end":{"line":49,"column":23}},"line":49},"2":{"name":"(anonymous_2)","decl":{"start":{"line":50,"column":15},"end":{"line":50,"column":16}},"loc":{"start":{"line":50,"column":54},"end":{"line":56,"column":6}},"line":50},"3":{"name":"(anonymous_3)","decl":{"start":{"line":57,"column":21},"end":{"line":57,"column":22}},"loc":{"start":{"line":57,"column":32},"end":{"line":63,"column":6}},"line":57},"4":{"name":"(anonymous_4)","decl":{"start":{"line":64,"column":21},"end":{"line":64,"column":22}},"loc":{"start":{"line":64,"column":60},"end":{"line":72,"column":6}},"line":64},"5":{"name":"(anonymous_5)","decl":{"start":{"line":73,"column":30},"end":{"line":73,"column":31}},"loc":{"start":{"line":73,"column":69},"end":{"line":79,"column":6}},"line":73},"6":{"name":"(anonymous_6)","decl":{"start":{"line":80,"column":15},"end":{"line":80,"column":16}},"loc":{"start":{"line":80,"column":54},"end":{"line":86,"column":6}},"line":80},"7":{"name":"(anonymous_7)","decl":{"start":{"line":87,"column":24},"end":{"line":87,"column":25}},"loc":{"start":{"line":87,"column":63},"end":{"line":93,"column":6}},"line":87},"8":{"name":"(anonymous_8)","decl":{"start":{"line":96,"column":14},"end":{"line":96,"column":15}},"loc":{"start":{"line":96,"column":54},"end":{"line":105,"column":6}},"line":96},"9":{"name":"(anonymous_9)","decl":{"start":{"line":106,"column":20},"end":{"line":106,"column":21}},"loc":{"start":{"line":106,"column":58},"end":{"line":112,"column":6}},"line":106},"10":{"name":"(anonymous_10)","decl":{"start":{"line":113,"column":13},"end":{"line":113,"column":14}},"loc":{"start":{"line":113,"column":67},"end":{"line":120,"column":5}},"line":113},"11":{"name":"(anonymous_11)","decl":{"start":{"line":121,"column":24},"end":{"line":121,"column":25}},"loc":{"start":{"line":121,"column":78},"end":{"line":127,"column":5}},"line":121},"12":{"name":"(anonymous_12)","decl":{"start":{"line":128,"column":17},"end":{"line":128,"column":18}},"loc":{"start":{"line":128,"column":68},"end":{"line":136,"column":6}},"line":128},"13":{"name":"(anonymous_13)","decl":{"start":{"line":137,"column":20},"end":{"line":137,"column":21}},"loc":{"start":{"line":137,"column":64},"end":{"line":153,"column":6}},"line":137},"14":{"name":"(anonymous_14)","decl":{"start":{"line":154,"column":23},"end":{"line":154,"column":24}},"loc":{"start":{"line":154,"column":81},"end":{"line":162,"column":6}},"line":154},"15":{"name":"(anonymous_15)","decl":{"start":{"line":163,"column":28},"end":{"line":163,"column":29}},"loc":{"start":{"line":163,"column":71},"end":{"line":178,"column":6}},"line":163},"16":{"name":"(anonymous_16)","decl":{"start":{"line":179,"column":31},"end":{"line":179,"column":32}},"loc":{"start":{"line":184,"column":10},"end":{"line":192,"column":6}},"line":184},"17":{"name":"(anonymous_17)","decl":{"start":{"line":193,"column":14},"end":{"line":193,"column":15}},"loc":{"start":{"line":193,"column":57},"end":{"line":208,"column":6}},"line":193},"18":{"name":"(anonymous_18)","decl":{"start":{"line":209,"column":17},"end":{"line":209,"column":18}},"loc":{"start":{"line":209,"column":69},"end":{"line":217,"column":6}},"line":209},"19":{"name":"(anonymous_19)","decl":{"start":{"line":218,"column":22},"end":{"line":218,"column":23}},"loc":{"start":{"line":218,"column":65},"end":{"line":233,"column":6}},"line":218},"20":{"name":"(anonymous_20)","decl":{"start":{"line":234,"column":25},"end":{"line":234,"column":26}},"loc":{"start":{"line":239,"column":10},"end":{"line":247,"column":6}},"line":239}},"branchMap":{},"s":{"0":1,"1":1,"2":1,"3":1,"4":0,"5":1,"6":0,"7":0,"8":0,"9":0,"10":0,"11":0,"12":0,"13":0,"14":0,"15":0,"16":0,"17":0,"18":0,"19":0,"20":0,"21":0,"22":0,"23":0,"24":0,"25":0,"26":1,"27":1,"28":1,"29":0,"30":0,"31":0,"32":0,"33":0,"34":0,"35":0,"36":0,"37":0,"38":0,"39":0,"40":0,"41":0,"42":0,"43":0,"44":0,"45":0,"46":0,"47":0,"48":0,"49":0,"50":0,"51":0,"52":0,"53":0,"54":0,"55":0,"56":0,"57":0,"58":0,"59":0,"60":0,"61":0,"62":0,"63":0,"64":0,"65":0,"66":0,"67":0,"68":0,"69":0,"70":0,"71":0,"72":0,"73":0,"74":0,"75":0,"76":0,"77":0,"78":0,"79":0,"80":0,"81":0,"82":0,"83":0,"84":0,"85":0,"86":0,"87":0,"88":0,"89":0,"90":0,"91":0,"92":0,"93":0,"94":0,"95":0,"96":0},"f":{"0":0,"1":1,"2":0,"3":0,"4":0,"5":0,"6":0,"7":0,"8":1,"9":0,"10":0,"11":0,"12":0,"13":0,"14":0,"15":0,"16":0,"17":0,"18":0,"19":0,"20":0},"b":{},"_coverageSchema":"43e27e138ebf9cfc5966b082cf9a028302ed4184","hash":"63fba3236886cc05249ec196a210c99e443ad890"}
,"C:\\CN-33\\src\\graphql\\schema.js": {"path":"C:\\CN-33\\src\\graphql\\schema.js","statementMap":{"0":{"start":{"line":3,"column":17},"end":{"line":165,"column":1}}},"fnMap":{},"branchMap":{},"s":{"0":1},"f":{},"b":{},"_coverageSchema":"43e27e138ebf9cfc5966b082cf9a028302ed4184","hash":"87e2b0e2379aeac44c60ff125b735cc49ab6593b"}
,"C:\\CN-33\\src\\utils\\uploader.js": {"path":"C:\\CN-33\\src\\utils\\uploader.js","statementMap":{"0":{"start":{"line":5,"column":4},"end":{"line":9,"column":6}},"1":{"start":{"line":11,"column":4},"end":{"line":17,"column":7}},"2":{"start":{"line":12,"column":23},"end":{"line":15,"column":10}},"3":{"start":{"line":13,"column":12},"end":{"line":13,"column":32}},"4":{"start":{"line":13,"column":20},"end":{"line":13,"column":32}},"5":{"start":{"line":14,"column":12},"end":{"line":14,"column":28}},"6":{"start":{"line":16,"column":8},"end":{"line":16,"column":28}}},"fnMap":{"0":{"name":"storeUpload","decl":{"start":{"line":3,"column":16},"end":{"line":3,"column":27}},"loc":{"start":{"line":3,"column":36},"end":{"line":19,"column":1}},"line":3},"1":{"name":"(anonymous_1)","decl":{"start":{"line":11,"column":23},"end":{"line":11,"column":24}},"loc":{"start":{"line":11,"column":44},"end":{"line":17,"column":5}},"line":11},"2":{"name":"(anonymous_2)","decl":{"start":{"line":12,"column":60},"end":{"line":12,"column":61}},"loc":{"start":{"line":12,"column":77},"end":{"line":15,"column":9}},"line":12}},"branchMap":{"0":{"loc":{"start":{"line":13,"column":12},"end":{"line":13,"column":32}},"type":"if","locations":[{"start":{"line":13,"column":12},"end":{"line":13,"column":32}},{"start":{"line":13,"column":12},"end":{"line":13,"column":32}}],"line":13}},"s":{"0":0,"1":0,"2":0,"3":0,"4":0,"5":0,"6":0},"f":{"0":0,"1":0,"2":0},"b":{"0":[0,0]},"_coverageSchema":"43e27e138ebf9cfc5966b082cf9a028302ed4184","hash":"2245debd5443bcdb3999665a04f9854f26151d33"}
,"C:\\CN-33\\src\\utils\\tests\\index.js": {"path":"C:\\CN-33\\src\\utils\\tests\\index.js","statementMap":{"0":{"start":{"line":1,"column":13},"end":{"line":1,"column":28}},"1":{"start":{"line":1,"column":23},"end":{"line":1,"column":28}},"2":{"start":{"line":3,"column":0},"end":{"line":3,"column":22}}},"fnMap":{"0":{"name":"(anonymous_0)","decl":{"start":{"line":1,"column":13},"end":{"line":1,"column":14}},"loc":{"start":{"line":1,"column":23},"end":{"line":1,"column":28}},"line":1}},"branchMap":{},"s":{"0":1,"1":1,"2":1},"f":{"0":1},"b":{},"_coverageSchema":"43e27e138ebf9cfc5966b082cf9a028302ed4184","hash":"e9819b63f4011f0893b91a5621d60ad6d542f729"}
}
